<?xml version="1.0" encoding="UTF-8"?>
<robot generator="Robot 4.0.1 (Python 3.9.4 on darwin)" generated="20210508 19:39:05.505" rpa="false" schemaversion="2">
<suite id="s1" name="Pedido" source="/Users/talitaribeiro/Development/rw5/parodifood/pedido.robot">
<test id="s1-t1" name="Deve realizar um novo pedido em Dinheiro">
<kw name="Start Session" library="base" type="SETUP">
<kw name="New Browser" library="Browser">
<arg>firefox</arg>
<arg>false</arg>
<tag>BrowserControl</tag>
<tag>Setter</tag>
<doc>Create a new playwright Browser with specified options.
See `Browser, Context and Page` for more information about Browser and related concepts.</doc>
<msg timestamp="20210508 19:39:06.284" level="INFO">{"browser": "firefox", "headless": false, "handleSIGINT": true, "handleSIGTERM": true, "handleSIGHUP": true, "timeout": 30000.0, "devtools": false, "slowMo": 0.0}</msg>
<msg timestamp="20210508 19:39:07.747" level="INFO">Successfully created browser with options: {"browser":"firefox","headless":false,"handleSIGINT":true,"handleSIGTERM":true,"handleSIGHUP":true,"timeout":30000,"devtools":false,"slowMo":0}</msg>
<status status="PASS" starttime="20210508 19:39:06.283" endtime="20210508 19:39:07.747"/>
</kw>
<kw name="New Page" library="Browser">
<arg>http://parodifood.qaninja.academy</arg>
<tag>BrowserControl</tag>
<tag>Setter</tag>
<doc>Open a new Page. A Page is the Playwright equivalent to a tab.
See `Browser, Context and Page` for more information about Page concept.
Returns a stable identifier for the created page.</doc>
<msg timestamp="20210508 19:39:11.179" level="INFO">Successfully initialized new page object and opened url: http://parodifood.qaninja.academy</msg>
<status status="PASS" starttime="20210508 19:39:07.748" endtime="20210508 19:39:11.180"/>
</kw>
<kw name="Get Text" library="Browser">
<arg>span</arg>
<arg>contains</arg>
<arg>Nunca foi tão engraçado pedir comida</arg>
<tag>Assertion</tag>
<tag>Getter</tag>
<tag>PageContent</tag>
<doc>Returns text attribute of the element found by ``selector``.
See the `Finding elements` section for details about the selectors.</doc>
<status status="PASS" starttime="20210508 19:39:11.180" endtime="20210508 19:39:11.305"/>
</kw>
<status status="PASS" starttime="20210508 19:39:06.283" endtime="20210508 19:39:11.305"/>
</kw>
<kw name="Get JSON" library="base">
<var>${order_json}</var>
<arg>order.json</arg>
<kw name="Get File" library="OperatingSystem">
<var>${file}</var>
<arg>${EXECDIR}/resources/fixtures/${file_name}</arg>
<doc>Returns the contents of a specified file.</doc>
<msg timestamp="20210508 19:39:11.306" level="INFO" html="true">Getting file '&lt;a href="file:///Users/talitaribeiro/Development/rw5/parodifood/resources/fixtures/order.json"&gt;/Users/talitaribeiro/Development/rw5/parodifood/resources/fixtures/order.json&lt;/a&gt;'.</msg>
<msg timestamp="20210508 19:39:11.306" level="INFO">${file} = {
    "restaurant": "DEBUGER KING",
    "description": "40 anos se especializando em trash food.",
    "products": [
        {
            "name": "Woopper Burger"
        },
        {
            "na...</msg>
<status status="PASS" starttime="20210508 19:39:11.305" endtime="20210508 19:39:11.307"/>
</kw>
<kw name="Evaluate" library="BuiltIn">
<var>${super_var}</var>
<arg>json.loads($file)</arg>
<arg>json</arg>
<doc>Evaluates the given expression in Python and returns the result.</doc>
<msg timestamp="20210508 19:39:11.314" level="INFO">${super_var} = {'restaurant': 'DEBUGER KING', 'description': '40 anos se especializando em trash food.', 'products': [{'name': 'Woopper Burger'}, {'name': 'Batatas Fritas'}, {'name': 'Refrigerante'}], 'total': '28,5...</msg>
<status status="PASS" starttime="20210508 19:39:11.308" endtime="20210508 19:39:11.314"/>
</kw>
<msg timestamp="20210508 19:39:11.314" level="INFO">${order_json} = {'restaurant': 'DEBUGER KING', 'description': '40 anos se especializando em trash food.', 'products': [{'name': 'Woopper Burger'}, {'name': 'Batatas Fritas'}, {'name': 'Refrigerante'}], 'total': '28,5...</msg>
<status status="PASS" starttime="20210508 19:39:11.305" endtime="20210508 19:39:11.314"/>
</kw>
<kw name="Go To Restaurants" library="search">
<kw name="Click" library="Browser">
<arg>text=Estou com fome!</arg>
<tag>PageContent</tag>
<tag>Setter</tag>
<doc>Simulates mouse click on the element found by ``selector``.</doc>
<status status="PASS" starttime="20210508 19:39:11.315" endtime="20210508 19:39:11.450"/>
</kw>
<kw name="Get Text" library="Browser">
<arg>css=h1 strong</arg>
<arg>contains</arg>
<arg>Ta na hora de matar a fome!</arg>
<tag>Assertion</tag>
<tag>Getter</tag>
<tag>PageContent</tag>
<doc>Returns text attribute of the element found by ``selector``.
See the `Finding elements` section for details about the selectors.</doc>
<status status="PASS" starttime="20210508 19:39:11.450" endtime="20210508 19:39:11.502"/>
</kw>
<status status="PASS" starttime="20210508 19:39:11.314" endtime="20210508 19:39:11.502"/>
</kw>
<kw name="Choose Restaurant" library="search">
<arg>${order_json}</arg>
<kw name="Click" library="Browser">
<arg>text=${super_var["restaurant"]}</arg>
<tag>PageContent</tag>
<tag>Setter</tag>
<doc>Simulates mouse click on the element found by ``selector``.</doc>
<status status="PASS" starttime="20210508 19:39:11.503" endtime="20210508 19:39:12.469"/>
</kw>
<kw name="Wait For Elements State" library="Browser">
<arg>css=#detail</arg>
<arg>visible</arg>
<arg>${DEFAULT_TIMEOUT}</arg>
<tag>PageContent</tag>
<tag>Wait</tag>
<doc>Waits for the element found by ``selector`` to satisfy state option.</doc>
<msg timestamp="20210508 19:39:12.508" level="INFO">Wait for Element with selector: css=#detail</msg>
<status status="PASS" starttime="20210508 19:39:12.470" endtime="20210508 19:39:12.509"/>
</kw>
<kw name="Get Text" library="Browser">
<arg>css=#detail</arg>
<arg>contains</arg>
<arg>${super_var["description"]}</arg>
<tag>Assertion</tag>
<tag>Getter</tag>
<tag>PageContent</tag>
<doc>Returns text attribute of the element found by ``selector``.
See the `Finding elements` section for details about the selectors.</doc>
<status status="PASS" starttime="20210508 19:39:12.509" endtime="20210508 19:39:12.663"/>
</kw>
<status status="PASS" starttime="20210508 19:39:11.502" endtime="20210508 19:39:12.663"/>
</kw>
<for flavor="IN">
<var>${product}</var>
<value>@{order_json["products"]}</value>
<iter>
<var name="${product}">{'name': 'Woopper Burger'}</var>
<kw name="Add To Cart" library="cart">
<arg>${product["name"]}</arg>
<kw name="Click" library="Browser">
<arg>xpath=//span[text()="${name}"]/..//a[@class="add-to-cart"]</arg>
<tag>PageContent</tag>
<tag>Setter</tag>
<doc>Simulates mouse click on the element found by ``selector``.</doc>
<status status="PASS" starttime="20210508 19:39:12.666" endtime="20210508 19:39:13.405"/>
</kw>
<status status="PASS" starttime="20210508 19:39:12.665" endtime="20210508 19:39:13.406"/>
</kw>
<kw name="Should Add To Cart" library="cart">
<arg>${product["name"]}</arg>
<kw name="Wait For Elements State" library="Browser">
<arg>css=#cart tr &gt;&gt; text=${name}</arg>
<arg>visible</arg>
<arg>${DEFAULT_TIMEOUT}</arg>
<tag>PageContent</tag>
<tag>Wait</tag>
<doc>Waits for the element found by ``selector`` to satisfy state option.</doc>
<msg timestamp="20210508 19:39:13.440" level="INFO">Wait for Element with selector: css=#cart tr &gt;&gt; text=Woopper Burger</msg>
<status status="PASS" starttime="20210508 19:39:13.409" endtime="20210508 19:39:13.440"/>
</kw>
<status status="PASS" starttime="20210508 19:39:13.406" endtime="20210508 19:39:13.440"/>
</kw>
<status status="PASS" starttime="20210508 19:39:12.664" endtime="20210508 19:39:13.441"/>
</iter>
<iter>
<var name="${product}">{'name': 'Batatas Fritas'}</var>
<kw name="Add To Cart" library="cart">
<arg>${product["name"]}</arg>
<kw name="Click" library="Browser">
<arg>xpath=//span[text()="${name}"]/..//a[@class="add-to-cart"]</arg>
<tag>PageContent</tag>
<tag>Setter</tag>
<doc>Simulates mouse click on the element found by ``selector``.</doc>
<status status="PASS" starttime="20210508 19:39:13.442" endtime="20210508 19:39:13.515"/>
</kw>
<status status="PASS" starttime="20210508 19:39:13.441" endtime="20210508 19:39:13.516"/>
</kw>
<kw name="Should Add To Cart" library="cart">
<arg>${product["name"]}</arg>
<kw name="Wait For Elements State" library="Browser">
<arg>css=#cart tr &gt;&gt; text=${name}</arg>
<arg>visible</arg>
<arg>${DEFAULT_TIMEOUT}</arg>
<tag>PageContent</tag>
<tag>Wait</tag>
<doc>Waits for the element found by ``selector`` to satisfy state option.</doc>
<msg timestamp="20210508 19:39:13.551" level="INFO">Wait for Element with selector: css=#cart tr &gt;&gt; text=Batatas Fritas</msg>
<status status="PASS" starttime="20210508 19:39:13.520" endtime="20210508 19:39:13.551"/>
</kw>
<status status="PASS" starttime="20210508 19:39:13.518" endtime="20210508 19:39:13.552"/>
</kw>
<status status="PASS" starttime="20210508 19:39:13.441" endtime="20210508 19:39:13.552"/>
</iter>
<iter>
<var name="${product}">{'name': 'Refrigerante'}</var>
<kw name="Add To Cart" library="cart">
<arg>${product["name"]}</arg>
<kw name="Click" library="Browser">
<arg>xpath=//span[text()="${name}"]/..//a[@class="add-to-cart"]</arg>
<tag>PageContent</tag>
<tag>Setter</tag>
<doc>Simulates mouse click on the element found by ``selector``.</doc>
<status status="PASS" starttime="20210508 19:39:13.553" endtime="20210508 19:39:13.637"/>
</kw>
<status status="PASS" starttime="20210508 19:39:13.552" endtime="20210508 19:39:13.638"/>
</kw>
<kw name="Should Add To Cart" library="cart">
<arg>${product["name"]}</arg>
<kw name="Wait For Elements State" library="Browser">
<arg>css=#cart tr &gt;&gt; text=${name}</arg>
<arg>visible</arg>
<arg>${DEFAULT_TIMEOUT}</arg>
<tag>PageContent</tag>
<tag>Wait</tag>
<doc>Waits for the element found by ``selector`` to satisfy state option.</doc>
<msg timestamp="20210508 19:39:13.675" level="INFO">Wait for Element with selector: css=#cart tr &gt;&gt; text=Refrigerante</msg>
<status status="PASS" starttime="20210508 19:39:13.641" endtime="20210508 19:39:13.675"/>
</kw>
<status status="PASS" starttime="20210508 19:39:13.638" endtime="20210508 19:39:13.675"/>
</kw>
<status status="PASS" starttime="20210508 19:39:13.552" endtime="20210508 19:39:13.675"/>
</iter>
<status status="PASS" starttime="20210508 19:39:12.664" endtime="20210508 19:39:13.675"/>
</for>
<kw name="Go Checkout" library="order">
<kw name="Click" library="Browser">
<arg>text=Fechar Pedido</arg>
<tag>PageContent</tag>
<tag>Setter</tag>
<doc>Simulates mouse click on the element found by ``selector``.</doc>
<status status="PASS" starttime="20210508 19:39:13.677" endtime="20210508 19:39:13.814"/>
</kw>
<kw name="Set Variable" library="BuiltIn">
<var>${element}</var>
<arg>css=.page-header</arg>
<doc>Returns the given values which can then be assigned to a variables.</doc>
<msg timestamp="20210508 19:39:13.814" level="INFO">${element} = css=.page-header</msg>
<status status="PASS" starttime="20210508 19:39:13.814" endtime="20210508 19:39:13.814"/>
</kw>
<kw name="Wait For Elements State" library="Browser">
<arg>${element}</arg>
<arg>visible</arg>
<arg>${DEFAULT_TIMEOUT}</arg>
<tag>PageContent</tag>
<tag>Wait</tag>
<doc>Waits for the element found by ``selector`` to satisfy state option.</doc>
<msg timestamp="20210508 19:39:13.850" level="INFO">Wait for Element with selector: css=.page-header</msg>
<status status="PASS" starttime="20210508 19:39:13.815" endtime="20210508 19:39:13.851"/>
</kw>
<kw name="Get Text" library="Browser">
<arg>${element}</arg>
<arg>contains</arg>
<arg>Finalize o seu pedido</arg>
<tag>Assertion</tag>
<tag>Getter</tag>
<tag>PageContent</tag>
<doc>Returns text attribute of the element found by ``selector``.
See the `Finding elements` section for details about the selectors.</doc>
<status status="PASS" starttime="20210508 19:39:13.852" endtime="20210508 19:39:13.898"/>
</kw>
<status status="PASS" starttime="20210508 19:39:13.676" endtime="20210508 19:39:13.898"/>
</kw>
<kw name="Fill Data Customer" library="order">
<arg>${order_json["customer"]}</arg>
<kw name="Fill Text" library="Browser">
<arg>css=input[placeholder="Nome"]</arg>
<arg>${customer["name"]}</arg>
<tag>PageContent</tag>
<tag>Setter</tag>
<doc>Clears and fills the given ``text`` into the text field found by ``selector``.</doc>
<msg timestamp="20210508 19:39:13.902" level="INFO">Fills the text 'Talita Ribeiro' in the given field.</msg>
<status status="PASS" starttime="20210508 19:39:13.901" endtime="20210508 19:39:13.955"/>
</kw>
<kw name="Fill Text" library="Browser">
<arg>css=input[placeholder="E-mail"]</arg>
<arg>${customer["email"]}</arg>
<tag>PageContent</tag>
<tag>Setter</tag>
<doc>Clears and fills the given ``text`` into the text field found by ``selector``.</doc>
<msg timestamp="20210508 19:39:13.957" level="INFO">Fills the text 'talita@gmail.com' in the given field.</msg>
<status status="PASS" starttime="20210508 19:39:13.956" endtime="20210508 19:39:14.013"/>
</kw>
<kw name="Fill Text" library="Browser">
<arg>css=input[placeholder^="Confirmação"]</arg>
<arg>${customer["email"]}</arg>
<tag>PageContent</tag>
<tag>Setter</tag>
<doc>Clears and fills the given ``text`` into the text field found by ``selector``.</doc>
<msg timestamp="20210508 19:39:14.014" level="INFO">Fills the text 'talita@gmail.com' in the given field.</msg>
<status status="PASS" starttime="20210508 19:39:14.013" endtime="20210508 19:39:14.063"/>
</kw>
<kw name="Fill Text" library="Browser">
<arg>css=input[placeholder="Endereço"]</arg>
<arg>${customer["address"]}</arg>
<tag>PageContent</tag>
<tag>Setter</tag>
<doc>Clears and fills the given ``text`` into the text field found by ``selector``.</doc>
<msg timestamp="20210508 19:39:14.064" level="INFO">Fills the text 'Rua dos Bugs' in the given field.</msg>
<status status="PASS" starttime="20210508 19:39:14.064" endtime="20210508 19:39:14.112"/>
</kw>
<kw name="Fill Text" library="Browser">
<arg>css=input[placeholder="Número"]</arg>
<arg>${customer["number"]}</arg>
<tag>PageContent</tag>
<tag>Setter</tag>
<doc>Clears and fills the given ``text`` into the text field found by ``selector``.</doc>
<msg timestamp="20210508 19:39:14.113" level="INFO">Fills the text '500' in the given field.</msg>
<status status="PASS" starttime="20210508 19:39:14.112" endtime="20210508 19:39:14.172"/>
</kw>
<status status="PASS" starttime="20210508 19:39:13.899" endtime="20210508 19:39:14.172"/>
</kw>
<kw name="Select payment option" library="order">
<arg>${order_json["payment"]}</arg>
<if>
<branch type="IF" condition="&quot;${payment}&quot; == &quot;Dinheiro&quot;">
<kw name="Click" library="Browser">
<arg>xpath=(//mt-radio//label)[1]//div</arg>
<tag>PageContent</tag>
<tag>Setter</tag>
<doc>Simulates mouse click on the element found by ``selector``.</doc>
<status status="PASS" starttime="20210508 19:39:14.176" endtime="20210508 19:39:14.294"/>
</kw>
<status status="PASS" starttime="20210508 19:39:14.176" endtime="20210508 19:39:14.294"/>
</branch>
<branch type="ELSE IF" condition="&quot;${payment}&quot; == &quot;Cartão de Débito&quot;">
<kw name="Click" library="Browser">
<arg>xpath=(//mt-radio//label)[2]//div</arg>
<tag>PageContent</tag>
<tag>Setter</tag>
<doc>Simulates mouse click on the element found by ``selector``.</doc>
<status status="NOT RUN" starttime="20210508 19:39:14.295" endtime="20210508 19:39:14.295"/>
</kw>
<status status="NOT RUN" starttime="20210508 19:39:14.294" endtime="20210508 19:39:14.295"/>
</branch>
<branch type="ELSE IF" condition="&quot;${payment}&quot; == &quot;Cartão de Refeição&quot;">
<kw name="Click" library="Browser">
<arg>xpath=(//mt-radio//label)[3]//div</arg>
<tag>PageContent</tag>
<tag>Setter</tag>
<doc>Simulates mouse click on the element found by ``selector``.</doc>
<status status="NOT RUN" starttime="20210508 19:39:14.295" endtime="20210508 19:39:14.295"/>
</kw>
<status status="NOT RUN" starttime="20210508 19:39:14.295" endtime="20210508 19:39:14.295"/>
</branch>
<branch type="ELSE">
<kw name="Fail" library="BuiltIn">
<arg>Incorrect payment type</arg>
<doc>Fails the test with the given message and optionally alters its tags.</doc>
<status status="NOT RUN" starttime="20210508 19:39:14.295" endtime="20210508 19:39:14.296"/>
</kw>
<status status="NOT RUN" starttime="20210508 19:39:14.295" endtime="20210508 19:39:14.296"/>
</branch>
<status status="PASS" starttime="20210508 19:39:14.175" endtime="20210508 19:39:14.296"/>
</if>
<status status="PASS" starttime="20210508 19:39:14.172" endtime="20210508 19:39:14.296"/>
</kw>
<kw name="Pay order" library="order">
<kw name="Click" library="Browser">
<arg>text=Concluir pedido</arg>
<tag>PageContent</tag>
<tag>Setter</tag>
<doc>Simulates mouse click on the element found by ``selector``.</doc>
<status status="PASS" starttime="20210508 19:39:14.297" endtime="20210508 19:39:14.397"/>
</kw>
<status status="PASS" starttime="20210508 19:39:14.296" endtime="20210508 19:39:14.397"/>
</kw>
<kw name="Sleep" library="BuiltIn">
<arg>10</arg>
<doc>Pauses the test executed for the given time.</doc>
<msg timestamp="20210508 19:39:24.398" level="INFO">Slept 10 seconds</msg>
<status status="PASS" starttime="20210508 19:39:14.398" endtime="20210508 19:39:24.399"/>
</kw>
<kw name="Take Screenshot" library="Browser" type="TEARDOWN">
<tag>PageContent</tag>
<doc>Takes a screenshot of the current window and saves it to ``path``. Saves it as a png.</doc>
<msg timestamp="20210508 19:39:24.460" level="INFO" html="true">&lt;/td&gt;&lt;/tr&gt;&lt;tr&gt;&lt;td colspan="3"&gt;&lt;a href="browser/screenshot/robotframework-browser-screenshot-1.png"&gt;&lt;img src="browser/screenshot/robotframework-browser-screenshot-1.png" width="800px"&gt;&lt;/a&gt;</msg>
<status status="PASS" starttime="20210508 19:39:24.400" endtime="20210508 19:39:24.460"/>
</kw>
<status status="PASS" starttime="20210508 19:39:06.280" endtime="20210508 19:39:24.461"/>
</test>
<status status="PASS" starttime="20210508 19:39:05.508" endtime="20210508 19:39:24.510"/>
</suite>
<statistics>
<total>
<stat pass="1" fail="0" skip="0">All Tests</stat>
</total>
<tag>
</tag>
<suite>
<stat pass="1" fail="0" skip="0" id="s1" name="Pedido">Pedido</stat>
</suite>
</statistics>
<errors>
</errors>
</robot>
