<?xml version="1.0" encoding="UTF-8"?>
<robot generator="Robot 4.0.1 (Python 3.9.4 on darwin)" generated="20210506 22:20:33.354" rpa="false" schemaversion="2">
<suite id="s1" name="Busca" source="/Users/talitaribeiro/Development/rw5/parodifood/tests/busca.robot">
<test id="s1-t1" name="Deve buscar um único restaurante">
<kw name="Start Session">
<msg timestamp="20210506 22:20:33.384" level="FAIL">No keyword with name 'Start Session' found.</msg>
<status status="FAIL" starttime="20210506 22:20:33.384" endtime="20210506 22:20:33.384"/>
</kw>
<kw name="Go To Restaurants">
<status status="NOT RUN" starttime="20210506 22:20:33.387" endtime="20210506 22:20:33.387"/>
</kw>
<kw name="Search By">
<arg>Debuger</arg>
<status status="NOT RUN" starttime="20210506 22:20:33.390" endtime="20210506 22:20:33.391"/>
</kw>
<kw name="Restaurant Should Be Visible">
<arg>DEBUGER KING</arg>
<status status="NOT RUN" starttime="20210506 22:20:33.394" endtime="20210506 22:20:33.394"/>
</kw>
<kw name="Restaurant Count Should Be">
<arg>1</arg>
<status status="NOT RUN" starttime="20210506 22:20:33.396" endtime="20210506 22:20:33.396"/>
</kw>
<kw name="Take Screenshot">
<status status="NOT RUN" starttime="20210506 22:20:33.398" endtime="20210506 22:20:33.398"/>
</kw>
<status status="FAIL" starttime="20210506 22:20:33.382" endtime="20210506 22:20:33.398">No keyword with name 'Start Session' found.</status>
</test>
<test id="s1-t2" name="Deve buscar por categoria">
<kw name="Start Session">
<msg timestamp="20210506 22:20:33.402" level="FAIL">No keyword with name 'Start Session' found.</msg>
<status status="FAIL" starttime="20210506 22:20:33.402" endtime="20210506 22:20:33.402"/>
</kw>
<kw name="Go To Restaurants">
<status status="NOT RUN" starttime="20210506 22:20:33.407" endtime="20210506 22:20:33.407"/>
</kw>
<kw name="Search By">
<arg>Cafe</arg>
<status status="NOT RUN" starttime="20210506 22:20:33.409" endtime="20210506 22:20:33.409"/>
</kw>
<kw name="Restaurant Should Be Visible">
<arg>STARBUGS COFFEE</arg>
<status status="NOT RUN" starttime="20210506 22:20:33.413" endtime="20210506 22:20:33.413"/>
</kw>
<kw name="Take Screenshot">
<status status="NOT RUN" starttime="20210506 22:20:33.416" endtime="20210506 22:20:33.416"/>
</kw>
<status status="FAIL" starttime="20210506 22:20:33.399" endtime="20210506 22:20:33.416">No keyword with name 'Start Session' found.</status>
</test>
<test id="s1-t3" name="Deve retornar todos os restaurantes">
<kw name="Start Session">
<msg timestamp="20210506 22:20:33.422" level="FAIL">No keyword with name 'Start Session' found.</msg>
<status status="FAIL" starttime="20210506 22:20:33.422" endtime="20210506 22:20:33.422"/>
</kw>
<kw name="Go To Restaurants">
<status status="NOT RUN" starttime="20210506 22:20:33.425" endtime="20210506 22:20:33.425"/>
</kw>
<kw name="Search By">
<arg>a</arg>
<status status="NOT RUN" starttime="20210506 22:20:33.428" endtime="20210506 22:20:33.428"/>
</kw>
<kw name="Restaurant Count Should Be">
<arg>5</arg>
<status status="NOT RUN" starttime="20210506 22:20:33.431" endtime="20210506 22:20:33.431"/>
</kw>
<kw name="Take Screenshot">
<status status="NOT RUN" starttime="20210506 22:20:33.434" endtime="20210506 22:20:33.434"/>
</kw>
<status status="FAIL" starttime="20210506 22:20:33.417" endtime="20210506 22:20:33.435">No keyword with name 'Start Session' found.</status>
</test>
<status status="FAIL" starttime="20210506 22:20:33.357" endtime="20210506 22:20:33.436"/>
</suite>
<statistics>
<total>
<stat pass="0" fail="3" skip="0">All Tests</stat>
</total>
<tag>
</tag>
<suite>
<stat pass="0" fail="3" skip="0" id="s1" name="Busca">Busca</stat>
</suite>
</statistics>
<errors>
<msg timestamp="20210506 22:20:33.381" level="ERROR">Error in file '/Users/talitaribeiro/Development/rw5/parodifood/tests/busca.robot' on line 3: Resource file '/Users/talitaribeiro/Development/rw5/parodifood/tests/resources/base.robot' does not exist.</msg>
</errors>
</robot>
